<?xml version="1.0" encoding="UTF-8"?>
<testsuite xmlns:xsi="http://www.w3.org/2001/XMLSchema-instance" xsi:noNamespaceSchemaLocation="https://maven.apache.org/surefire/maven-surefire-plugin/xsd/surefire-test-report.xsd" name="tests.RatingMediaTest" time="6.864" tests="4" errors="0" skipped="0" failures="0">
  <properties>
[...]
</properties>
  <testcase name="testFavoriteMoviesToObjects" classname="tests.RatingMediaTest" time="2.211"/>
  <testcase name="testRateTvEpisode" classname="tests.RatingMediaTest" time="1.347"/>
  <testcase name="testRateMovie" classname="tests.RatingMediaTest" time="1.313"/>
  <testcase name="testRateTvShow" classname="tests.RatingMediaTest" time="1.376"/>
</testsuite>