<?xml version="1.0" encoding="UTF-8"?><testsuite errors="0" failures="0" name="tests.AuthenticationTest" skipped="0" tests="5" time="9.41" timestamp="2020-08-244 12:39:28"><testcase classname="tests.AuthenticationTest" name="Test get request token"/><testcase classname="tests.AuthenticationTest" name="Test delete session"/><testcase classname="tests.AuthenticationTest" name="Test create guest session"/><testcase classname="tests.AuthenticationTest" name="Test create session with login"/><testcase classname="tests.AuthenticationTest" name="Test create session"/></testsuite>