<?xml version="1.0" encoding="UTF-8"?><testsuite errors="0" failures="1" name="tests.ListTest" skipped="0" tests="7" time="16.89" timestamp="2020-08-244 12:41:47"><testcase classname="tests.ListTest" name="Test remove movie"/><testcase classname="tests.ListTest" name="Test clear list"/><testcase classname="tests.ListTest" name="Test add movie"/><testcase classname="tests.ListTest" name="Test get details of a list"/><testcase classname="tests.ListTest" name="Test create list"/><testcase classname="tests.ListTest" name="Test delete list"><failure message="expected:&lt;200&gt; but was:&lt;500&gt;" type="java.lang.AssertionError">expected:&lt;200&gt; but was:&lt;500&gt;</failure><system-err>expected:&lt;200&gt; but was:&lt;500&gt;
tests.ListTest.testDeleteList(ListTest.java:74)
</system-err></testcase><testcase classname="tests.ListTest" name="Check movie in a list"/></testsuite>